<?xml version="1.0" encoding="UTF-8"?>
<testsuite xmlns:xsi="http://www.w3.org/2001/XMLSchema-instance" xsi:noNamespaceSchemaLocation="https://maven.apache.org/surefire/maven-surefire-plugin/xsd/surefire-test-report-3.0.xsd" version="3.0" name="net.jobhunt.backend.BackendApplicationTests" time="4.961" tests="1" errors="0" skipped="0" failures="0">
  <properties>
[...]
</properties>
  <testcase name="contextLoads" classname="net.jobhunt.backend.BackendApplicationTests" time="0.433">
    <system-out><![CDATA[13:37:53.558 [main] INFO org.springframework.test.context.support.AnnotationConfigContextLoaderUtils -- Could not detect default configuration classes for test class [net.jobhunt.backend.BackendApplicationTests]: BackendApplicationTests does not declare any static, non-private, non-final, nested classes annotated with @Configuration.
13:37:53.632 [main] INFO org.springframework.boot.test.context.SpringBootTestContextBootstrapper -- Found @SpringBootConfiguration net.jobhunt.backend.BackendApplication for test class net.jobhunt.backend.BackendApplicationTests

  .   ____          _            __ _ _
 /\\ / ___'_ __ _ _(_)_ __  __ _ \ \ \ \
( ( )\___ | '_ | '_| | '_ \/ _` | \ \ \ \
 \\/  ___)| |_)| | | | | || (_| |  ) ) ) )
  '  |____| .__|_| |_|_| |_\__, | / / / /
 =========|_|==============|___/=/_/_/_/
 :: Spring Boot ::                (v3.1.2)

2023-09-07T13:37:53.933-05:00  INFO 27792 --- [           main] n.j.backend.BackendApplicationTests      : Starting BackendApplicationTests using Java 17.0.1 with PID 27792 (started by Sameer Maharjan in C:\Users\Sameer Maharjan\Downloads\backend (1)\backend)
2023-09-07T13:37:53.934-05:00  INFO 27792 --- [           main] n.j.backend.BackendApplicationTests      : No active profile set, falling back to 1 default profile: "default"
2023-09-07T13:37:54.427-05:00  INFO 27792 --- [           main] .s.d.r.c.RepositoryConfigurationDelegate : Bootstrapping Spring Data JPA repositories in DEFAULT mode.
2023-09-07T13:37:54.527-05:00  INFO 27792 --- [           main] .s.d.r.c.RepositoryConfigurationDelegate : Finished Spring Data repository scanning in 95 ms. Found 1 JPA repository interfaces.
2023-09-07T13:37:54.822-05:00  INFO 27792 --- [           main] o.hibernate.jpa.internal.util.LogHelper  : HHH000204: Processing PersistenceUnitInfo [name: default]
2023-09-07T13:37:54.866-05:00  INFO 27792 --- [           main] org.hibernate.Version                    : HHH000412: Hibernate ORM core version 6.2.6.Final
2023-09-07T13:37:54.868-05:00  INFO 27792 --- [           main] org.hibernate.cfg.Environment            : HHH000406: Using bytecode reflection optimizer
2023-09-07T13:37:55.005-05:00  INFO 27792 --- [           main] o.h.b.i.BytecodeProviderInitiator        : HHH000021: Bytecode provider name : bytebuddy
2023-09-07T13:37:55.131-05:00  INFO 27792 --- [           main] o.s.o.j.p.SpringPersistenceUnitInfo      : No LoadTimeWeaver setup: ignoring JPA class transformer
2023-09-07T13:37:55.147-05:00  INFO 27792 --- [           main] com.zaxxer.hikari.HikariDataSource       : HikariPool-1 - Starting...
2023-09-07T13:37:56.064-05:00  INFO 27792 --- [           main] com.zaxxer.hikari.pool.HikariPool        : HikariPool-1 - Added connection com.mysql.cj.jdbc.ConnectionImpl@13d984ee
2023-09-07T13:37:56.067-05:00  INFO 27792 --- [           main] com.zaxxer.hikari.HikariDataSource       : HikariPool-1 - Start completed.
2023-09-07T13:37:56.328-05:00  INFO 27792 --- [           main] o.h.b.i.BytecodeProviderInitiator        : HHH000021: Bytecode provider name : bytebuddy
2023-09-07T13:37:56.727-05:00  INFO 27792 --- [           main] o.h.e.t.j.p.i.JtaPlatformInitiator       : HHH000490: Using JtaPlatform implementation: [org.hibernate.engine.transaction.jta.platform.internal.NoJtaPlatform]
2023-09-07T13:37:56.926-05:00  INFO 27792 --- [           main] j.LocalContainerEntityManagerFactoryBean : Initialized JPA EntityManagerFactory for persistence unit 'default'
2023-09-07T13:37:57.321-05:00  WARN 27792 --- [           main] JpaBaseConfiguration$JpaWebConfiguration : spring.jpa.open-in-view is enabled by default. Therefore, database queries may be performed during view rendering. Explicitly configure spring.jpa.open-in-view to disable this warning
2023-09-07T13:37:57.758-05:00  INFO 27792 --- [           main] AbstractAzureServiceClientBuilderFactory : Will configure the default credential of type DefaultAzureCredential for class com.azure.identity.DefaultAzureCredentialBuilder.
2023-09-07T13:37:57.902-05:00  INFO 27792 --- [           main] n.j.backend.BackendApplicationTests      : Started BackendApplicationTests in 4.17 seconds (process running for 4.959)
]]></system-out>
  </testcase>
</testsuite>